build/app/outputs/mapping/release/mapping.txt
# compiler: R8
# compiler_version: 1.5.64
# min_api: 16
# pg_map_id: 0e8ce3c
...
androidx.appcompat.app.AppCompatDelegateImpl$2 -> androidx.appcompat.app.g$b:
    androidx.appcompat.app.AppCompatDelegateImpl this$0 -> b
androidx.appcompat.app.AppCompatDelegateImpl$3 -> androidx.appcompat.app.g$c:
    androidx.appcompat.app.AppCompatDelegateImpl this$0 -> a
    androidx.core.view.WindowInsetsCompat onApplyWindowInsets(android.view.View,androidx.core.view.WindowInsetsCompat) -> a
androidx.appcompat.app.AppCompatDelegateImpl$4 -> androidx.appcompat.app.g$d:
    androidx.appcompat.app.AppCompatDelegateImpl this$0 -> a
    void onFitSystemWindows(android.graphics.Rect) -> a
androidx.appcompat.app.AppCompatDelegateImpl$5 -> androidx.appcompat.app.g$e:
    androidx.appcompat.app.AppCompatDelegateImpl this$0 -> a
    void onAttachedFromWindow() -> a
androidx.appcompat.app.AppCompatDelegateImpl$6 -> androidx.appcompat.app.g$f:
    androidx.appcompat.app.AppCompatDelegateImpl this$0 -> b
androidx.appcompat.app.AppCompatDelegateImpl$6$1 -> androidx.appcompat.app.g$f$a:
    androidx.appcompat.app.AppCompatDelegateImpl$6 this$1 -> a
    void onAnimationEnd(android.view.View) -> a
    void onAnimationStart(android.view.View) -> b
androidx.appcompat.app.AppCompatDelegateImpl$7 -> androidx.appcompat.app.g$g:
    androidx.appcompat.app.AppCompatDelegateImpl this$0 -> a
    void onAnimationEnd(android.view.View) -> a
    void onAnimationStart(android.view.View) -> b
androidx.appcompat.app.AppCompatDelegateImpl$ActionMenuPresenterCallback -> androidx.appcompat.app.g$h:
    androidx.appcompat.app.AppCompatDelegateImpl this$0 -> b
    void onCloseMenu(androidx.appcompat.view.menu.MenuBuilder,boolean) -> a
    boolean onOpenSubMenu(androidx.appcompat.view.menu.MenuBuilder) -> a
androidx.appcompat.app.AppCompatDelegateImpl$ActionModeCallbackWrapperV9 -> androidx.appcompat.app.g$i:
    androidx.appcompat.app.AppCompatDelegateImpl this$0 -> b
    androidx.appcompat.view.ActionMode$Callback mWrapped -> a
    boolean onActionItemClicked(androidx.appcompat.view.ActionMode,android.view.MenuItem) -> a
    void onDestroyActionMode(androidx.appcompat.view.ActionMode) -> a
    boolean onPrepareActionMode(androidx.appcompat.view.ActionMode,android.view.Menu) -> a
    boolean onCreateActionMode(androidx.appcompat.view.ActionMode,android.view.Menu) -> b
androidx.appcompat.app.AppCompatDelegateImpl$ActionModeCallbackWrapperV9$1 -> androidx.appcompat.app.g$i$a:
    androidx.appcompat.app.AppCompatDelegateImpl$ActionModeCallbackWrapperV9 this$1 -> a
    void onAnimationEnd(android.view.View) -> a
androidx.appcompat.app.AppCompatDelegateImpl$AppCompatWindowCallback -> androidx.appcompat.app.g$j:
    androidx.appcompat.app.AppCompatDelegateImpl this$0 -> c
    android.view.ActionMode startAsSupportActionMode(android.view.ActionMode$Callback) -> a
androidx.appcompat.app.AppCompatDelegateImpl$AutoBatteryNightModeManager -> androidx.appcompat.app.g$k:
    android.os.PowerManager mPowerManager -> c
    androidx.appcompat.app.AppCompatDelegateImpl this$0 -> d
    android.content.IntentFilter createIntentFilterForBroadcastReceiver() -> b
    int getApplyableNightMode() -> c
    void onChange() -> d
androidx.appcompat.app.AppCompatDelegateImpl$AutoNightModeManager -> androidx.appcompat.app.g$l:
    androidx.appcompat.app.AppCompatDelegateImpl this$0 -> b
    android.content.BroadcastReceiver mReceiver -> a
    void cleanup() -> a
    android.content.IntentFilter createIntentFilterForBroadcastReceiver() -> b
    int getApplyableNightMode() -> c
    void onChange() -> d
    void setup() -> e
androidx.appcompat.app.AppCompatDelegateImpl$AutoNightModeManager$1 -> androidx.appcompat.app.g$l$a:
    androidx.appcompat.app.AppCompatDelegateImpl$AutoNightModeManager this$1 -> a